<?xml version="1.0" encoding="UTF-8" ?>
<testsuite failures="0" time="0.102" errors="0" skipped="0" tests="4" name="ohtu.miniprojekti.ReferenceTest">
  <properties>
[...]
</properties>
  <testcase time="0.003" classname="ohtu.miniprojekti.ReferenceTest" name="authorSetCorrectlyWhenCreatedandNameGiven"/>
  <testcase time="0.001" classname="ohtu.miniprojekti.ReferenceTest" name="titleSetCorrectlyWhenCreatedandNameGiven"/>
  <testcase time="0" classname="ohtu.miniprojekti.ReferenceTest" name="journalSetCorrectlyWhenCreatedandNameGiven"/>
  <testcase time="0" classname="ohtu.miniprojekti.ReferenceTest" name="volumeSetCorrectlyWhenCreatedandEmptyStringGiven"/>
</testsuite>